Copyright 1986-2018 Xilinx, Inc. All Rights Reserved.
---------------------------------------------------------------------------------------------------------------
| Tool Version : Vivado v.2018.3 (win64) Build 2405991 Thu Dec  6 23:38:27 MST 2018
| Date         : Tue May 10 14:32:03 2022
| Host         : DESKTOP-T9I20SI running 64-bit major release  (build 9200)
| Command      : report_utilization -file ctpreadout_utilization_synth.rpt -pb ctpreadout_utilization_synth.pb
| Design       : ctpreadout
| Device       : xcku060ffva1156-2
| Design State : Synthesized
---------------------------------------------------------------------------------------------------------------

Utilization Design Information

Table of Contents
-----------------
1. CLB Logic
1.1 Summary of Registers by Type
2. BLOCKRAM
3. ARITHMETIC
4. I/O
5. CLOCK
6. ADVANCED
7. CONFIGURATION
8. Primitives
9. Black Boxes
10. Instantiated Netlists

1. CLB Logic
------------

+-------------------------+------+-------+-----------+-------+
|        Site Type        | Used | Fixed | Available | Util% |
+-------------------------+------+-------+-----------+-------+
| CLB LUTs*               | 1559 |     0 |    331680 |  0.47 |
|   LUT as Logic          | 1559 |     0 |    331680 |  0.47 |
|   LUT as Memory         |    0 |     0 |    146880 |  0.00 |
| CLB Registers           | 1676 |     0 |    663360 |  0.25 |
|   Register as Flip Flop | 1672 |     0 |    663360 |  0.25 |
|   Register as Latch     |    4 |     0 |    663360 | <0.01 |
| CARRY8                  |   55 |     0 |     41460 |  0.13 |
| F7 Muxes                |    1 |     0 |    165840 | <0.01 |
| F8 Muxes                |    0 |     0 |     82920 |  0.00 |
| F9 Muxes                |    0 |     0 |     41460 |  0.00 |
+-------------------------+------+-------+-----------+-------+
* Warning! The Final LUT count, after physical optimizations and full implementation, is typically lower. Run opt_design after synthesis, if not already completed, for a more realistic count.


1.1 Summary of Registers by Type
--------------------------------

+-------+--------------+-------------+--------------+
| Total | Clock Enable | Synchronous | Asynchronous |
+-------+--------------+-------------+--------------+
| 0     |            _ |           - |            - |
| 0     |            _ |           - |          Set |
| 0     |            _ |           - |        Reset |
| 0     |            _ |         Set |            - |
| 0     |            _ |       Reset |            - |
| 0     |          Yes |           - |            - |
| 0     |          Yes |           - |          Set |
| 354   |          Yes |           - |        Reset |
| 18    |          Yes |         Set |            - |
| 1304  |          Yes |       Reset |            - |
+-------+--------------+-------------+--------------+


2. BLOCKRAM
-----------

+----------------+------+-------+-----------+-------+
|    Site Type   | Used | Fixed | Available | Util% |
+----------------+------+-------+-----------+-------+
| Block RAM Tile |    0 |     0 |      1080 |  0.00 |
|   RAMB36/FIFO* |    0 |     0 |      1080 |  0.00 |
|   RAMB18       |    0 |     0 |      2160 |  0.00 |
+----------------+------+-------+-----------+-------+
* Note: Each Block RAM Tile only has one FIFO logic available and therefore can accommodate only one FIFO36E2 or one FIFO18E2. However, if a FIFO18E2 occupies a Block RAM Tile, that tile can still accommodate a RAMB18E2


3. ARITHMETIC
-------------

+-----------+------+-------+-----------+-------+
| Site Type | Used | Fixed | Available | Util% |
+-----------+------+-------+-----------+-------+
| DSPs      |    0 |     0 |      2760 |  0.00 |
+-----------+------+-------+-----------+-------+


4. I/O
------

+------------+------+-------+-----------+--------+
|  Site Type | Used | Fixed | Available |  Util% |
+------------+------+-------+-----------+--------+
| Bonded IOB |  737 |     0 |       520 | 141.73 |
+------------+------+-------+-----------+--------+


5. CLOCK
--------

+----------------------+------+-------+-----------+-------+
|       Site Type      | Used | Fixed | Available | Util% |
+----------------------+------+-------+-----------+-------+
| GLOBAL CLOCK BUFFERs |    1 |     0 |       624 |  0.16 |
|   BUFGCE             |    1 |     0 |       288 |  0.35 |
|   BUFGCE_DIV         |    0 |     0 |        48 |  0.00 |
|   BUFG_GT            |    0 |     0 |       192 |  0.00 |
|   BUFGCTRL*          |    0 |     0 |        96 |  0.00 |
| PLLE3_ADV            |    0 |     0 |        24 |  0.00 |
| MMCME3_ADV           |    0 |     0 |        12 |  0.00 |
+----------------------+------+-------+-----------+-------+
* Note: Each used BUFGCTRL counts as two global buffer resources. This table does not include global clocking resources, only buffer cell usage. See the Clock Utilization Report (report_clock_utilization) for detailed accounting of global clocking resource availability.


6. ADVANCED
-----------

+-----------------+------+-------+-----------+-------+
|    Site Type    | Used | Fixed | Available | Util% |
+-----------------+------+-------+-----------+-------+
| GTHE3_CHANNEL   |    0 |     0 |        28 |  0.00 |
| GTHE3_COMMON    |    0 |     0 |         7 |  0.00 |
| IBUFDS_GTE3     |    0 |     0 |        14 |  0.00 |
| OBUFDS_GTE3     |    0 |     0 |        14 |  0.00 |
| OBUFDS_GTE3_ADV |    0 |     0 |        14 |  0.00 |
| PCIE_3_1        |    0 |     0 |         3 |  0.00 |
| SYSMONE1        |    0 |     0 |         1 |  0.00 |
+-----------------+------+-------+-----------+-------+


7. CONFIGURATION
----------------

+-------------+------+-------+-----------+-------+
|  Site Type  | Used | Fixed | Available | Util% |
+-------------+------+-------+-----------+-------+
| BSCANE2     |    0 |     0 |         4 |  0.00 |
| DNA_PORTE2  |    0 |     0 |         1 |  0.00 |
| EFUSE_USR   |    0 |     0 |         1 |  0.00 |
| FRAME_ECCE3 |    0 |     0 |         1 |  0.00 |
| ICAPE3      |    0 |     0 |         2 |  0.00 |
| MASTER_JTAG |    0 |     0 |         1 |  0.00 |
| STARTUPE3   |    0 |     0 |         1 |  0.00 |
+-------------+------+-------+-----------+-------+


8. Primitives
-------------

+----------+------+---------------------+
| Ref Name | Used | Functional Category |
+----------+------+---------------------+
| FDRE     | 1304 |            Register |
| LUT6     |  831 |                 CLB |
| FDCE     |  350 |            Register |
| INBUF    |  317 |                 I/O |
| IBUFCTRL |  317 |              Others |
| LUT5     |  291 |                 CLB |
| LUT2     |  276 |                 CLB |
| LUT4     |  238 |                 CLB |
| OBUFT    |  226 |                 I/O |
| LUT3     |  202 |                 CLB |
| OBUF     |  194 |                 I/O |
| CARRY8   |   55 |                 CLB |
| FDSE     |   18 |            Register |
| LUT1     |   11 |                 CLB |
| LDCE     |    4 |            Register |
| MUXF7    |    1 |                 CLB |
| BUFGCE   |    1 |               Clock |
+----------+------+---------------------+


9. Black Boxes
--------------

+-----------------+------+
|     Ref Name    | Used |
+-----------------+------+
| dc_fifo_gbt2olt |    2 |
| tc_fifo         |    1 |
| ir_fifo         |    1 |
+-----------------+------+


10. Instantiated Netlists
-------------------------

+----------+------+
| Ref Name | Used |
+----------+------+


