#-----------------------------------------------------------
# Vivado v2018.3 (64-bit)
# SW Build 2405991 on Thu Dec  6 23:38:27 MST 2018
# IP Build 2404404 on Fri Dec  7 01:43:56 MST 2018
# Start of session at: Tue Mar 22 16:58:02 2022
# Process ID: 3108
# Current directory: C:/Users/Simone Ragoni/alice/IRandTCR/ctpreadout2
# Command line: vivado.exe -gui_launcher_event rodinguilauncherevent7880 C:\Users\Simone Ragoni\alice\IRandTCR\ctpreadout2\ctpreadout2.xpr
# Log file: C:/Users/Simone Ragoni/alice/IRandTCR/ctpreadout2/vivado.log
# Journal file: C:/Users/Simone Ragoni/alice/IRandTCR/ctpreadout2\vivado.jou
#-----------------------------------------------------------
start_gui
open_project {C:/Users/Simone Ragoni/alice/IRandTCR/ctpreadout2/ctpreadout2.xpr}
Scanning sources...
Finished scanning sources
INFO: [IP_Flow 19-234] Refreshing IP repositories
INFO: [IP_Flow 19-1704] No user IP repositories specified
INFO: [IP_Flow 19-2313] Loaded Vivado IP repository 'C:/Xilinx/Vivado/2018.3/data/ip'.
open_project: Time (s): cpu = 00:00:12 ; elapsed = 00:00:07 . Memory (MB): peak = 784.609 ; gain = 193.230
update_compile_order -fileset sources_1
update_compile_order -fileset sources_1
update_compile_order -fileset sources_1
exit
INFO: [Common 17-206] Exiting Vivado at Mon Mar 28 11:36:09 2022...
