#-----------------------------------------------------------
# Vivado v2018.3 (64-bit)
# SW Build 2405991 on Thu Dec  6 23:38:27 MST 2018
# IP Build 2404404 on Fri Dec  7 01:43:56 MST 2018
# Start of session at: Wed Jun 15 10:55:15 2022
# Process ID: 10848
# Current directory: C:/Users/Simone Ragoni/alice/IRandTCR/ctpreadout2
# Command line: vivado.exe -gui_launcher_event rodinguilauncherevent7272 C:\Users\Simone Ragoni\alice\IRandTCR\ctpreadout2\ctpreadout2.xpr
# Log file: C:/Users/Simone Ragoni/alice/IRandTCR/ctpreadout2/vivado.log
# Journal file: C:/Users/Simone Ragoni/alice/IRandTCR/ctpreadout2\vivado.jou
#-----------------------------------------------------------
start_gui
open_project {C:/Users/Simone Ragoni/alice/IRandTCR/ctpreadout2/ctpreadout2.xpr}
Scanning sources...
Finished scanning sources
INFO: [IP_Flow 19-234] Refreshing IP repositories
INFO: [IP_Flow 19-1704] No user IP repositories specified
INFO: [IP_Flow 19-2313] Loaded Vivado IP repository 'C:/Xilinx/Vivado/2018.3/data/ip'.
open_project: Time (s): cpu = 00:00:11 ; elapsed = 00:00:08 . Memory (MB): peak = 741.016 ; gain = 139.602
update_compile_order -fileset sources_1
create_project project_1 {C:/Users/Simone Ragoni/alice/EMCAL-simulations} -part xcku060-ffva1156-2-e
INFO: [IP_Flow 19-234] Refreshing IP repositories
INFO: [IP_Flow 19-1704] No user IP repositories specified
INFO: [IP_Flow 19-2313] Loaded Vivado IP repository 'C:/Xilinx/Vivado/2018.3/data/ip'.
create_project: Time (s): cpu = 00:00:09 ; elapsed = 00:00:06 . Memory (MB): peak = 824.645 ; gain = 37.063
set_property compxlib.questa_compiled_library_dir C:/Users/Simone%20Ragoni/questalib_106c [current_project]
file mkdir C:/Users/Simone Ragoni/alice/EMCAL-simulations/project_1.srcs/sources_1/new
can't create directory "C:/Users/Simone": permission denied
file mkdir C:/Users/Simone Ragoni/alice/EMCAL-simulations/project_1.srcs/sources_1/new
can't create directory "C:/Users/Simone": permission denied
file mkdir C:/Users/Simone Ragoni/alice/EMCAL-simulations/project_1.srcs/sources_1/new
can't create directory "C:/Users/Simone": permission denied
file mkdir C:/Users/Simone Ragoni/alice/EMCAL-simulations/project_1.srcs/sources_1/new
can't create directory "C:/Users/Simone": permission denied
file mkdir C:/Users/Simone Ragoni/alice/EMCAL-simulations/project_1.srcs/sources_1/new
can't create directory "C:/Users/Simone": permission denied
file mkdir C:/Users/Simone Ragoni/alice/EMCAL-simulations/project_1.srcs/sources_1/new
can't create directory "C:/Users/Simone": permission denied
file mkdir {C:/Users/Simone Ragoni/alice/EMCAL-simulations/project_1.srcs/sources_1/new}
close [ open {C:/Users/Simone Ragoni/alice/EMCAL-simulations/project_1.srcs/sources_1/new/payload-builder-complete.vhd} w ]
add_files {{C:/Users/Simone Ragoni/alice/EMCAL-simulations/project_1.srcs/sources_1/new/payload-builder-complete.vhd}}
update_compile_order -fileset sources_1
close [ open {C:/Users/Simone Ragoni/alice/EMCAL-simulations/project_1.srcs/sources_1/new/payload-builder-fsm.vhd} w ]
add_files {{C:/Users/Simone Ragoni/alice/EMCAL-simulations/project_1.srcs/sources_1/new/payload-builder-fsm.vhd}}
update_compile_order -fileset sources_1
current_project ctpreadout2
current_project project_1
set_property target_simulator Questa [current_project]
current_project ctpreadout2
current_project project_1
set_property compxlib.questa_compiled_library_dir {C:/Users/Simone Ragoni/questalib_106c} [current_project]
WARNING: [filemgmt 56-199] Attempt to get parsing info during refresh. "On-the-fly" syntax checking information may be incorrect. [C:/Users/Simone Ragoni/alice/EMCAL-simulations/project_1.srcs/sources_1/new/payload-builder-complete.vhd:]
WARNING: [filemgmt 56-199] Attempt to get parsing info during refresh. "On-the-fly" syntax checking information may be incorrect. [C:/Users/Simone Ragoni/alice/EMCAL-simulations/project_1.srcs/sources_1/new/payload-builder-fsm.vhd:]
ERROR: [Common 17-180] Spawn failed: No error
close_project
exit
INFO: [Common 17-206] Exiting Vivado at Wed Jun 15 17:24:04 2022...
